extract_metadata: 0.0005488395690917969
detect_features: 1.1340113909999998
match_features: 0.6450609039999997
create_tracks: 0.05728120400000014
reconstruct: 1.9284873008728027
extract_metadata: 0.0004990100860595703
detect_features: 1.132779553
match_features: 0.7398849579999998
create_tracks: 0.05905318699999995
reconstruct: 1.019085168838501
extract_metadata: 0.00041604042053222656
detect_features: 1.130046209
match_features: 0.7625060030000004
create_tracks: 0.05941363200000005
reconstruct: 1.5293519496917725
extract_metadata: 0.0005197525024414062
detect_features: 1.129484445
match_features: 0.7709153120000001
create_tracks: 0.05857208699999994
reconstruct: 2.413905143737793
extract_metadata: 0.000579833984375
detect_features: 1.1401873889999998
match_features: 0.7467186180000001
create_tracks: 0.05880144999999981
reconstruct: 0.9225900173187256
reconstruct: 0.8851649761199951
extract_metadata: 0.00057220458984375
detect_features: 1.129263367
match_features: 0.73961012
create_tracks: 0.058099507999999744
reconstruct: 1.9470219612121582
reconstruct: 0.9541997909545898
extract_metadata: 0.0007610321044921875
detect_features: 1.1339853540000002
match_features: 0.660037419
create_tracks: 0.046245906999999864
reconstruct: 0.9541113376617432
reconstruct: 1.9636039733886719
extract_metadata: 0.0005271434783935547
detect_features: 1.1411331610000002
match_features: 0.7489991090000001
create_tracks: 0.0592876229999999
reconstruct: 2.4830031394958496
reconstruct: 1.954390048980713
extract_metadata: 0.0005939006805419922
detect_features: 1.129679546
match_features: 0.6582746790000003
create_tracks: 0.044514046000000196
reconstruct: 1.855799913406372
reconstruct: 0.8839921951293945
extract_metadata: 0.0006148815155029297
detect_features: 1.1341049019999998
match_features: 0.7337849510000001
create_tracks: 0.05480668700000013
reconstruct: 1.9293067455291748
reconstruct: 1.909898042678833
extract_metadata: 0.0005857944488525391
detect_features: 1.121403203
match_features: 0.7355474540000002
create_tracks: 0.0582161870000002
reconstruct: 1.414445161819458
reconstruct: 1.9939711093902588
extract_metadata: 0.0004947185516357422
detect_features: 1.1263299220000003
match_features: 0.6310108040000002
create_tracks: 0.04592996999999999
reconstruct: 1.928725004196167
extract_metadata: 0.0005338191986083984
detect_features: 1.124248296
match_features: 0.6507029760000003
create_tracks: 0.0582415639999998
reconstruct: 1.9215831756591797
reconstruct: 0.9376018047332764
extract_metadata: 0.0005791187286376953
detect_features: 1.1336151339999998
match_features: 0.7664898460000003
create_tracks: 0.05887137200000003
reconstruct: 0.9625289440155029
reconstruct: 2.502246141433716
extract_metadata: 0.0005099773406982422
detect_features: 1.1401955100000003
match_features: 0.727751494
create_tracks: 0.05627075800000014
reconstruct: 1.8596842288970947
reconstruct: 0.8917088508605957
extract_metadata: 0.0005822181701660156
detect_features: 1.1264384470000002
match_features: 0.7411394359999997
create_tracks: 0.05961047699999966
reconstruct: 1.9080677032470703
extract_metadata: 0.00048804283142089844
detect_features: 1.1223117859999998
match_features: 0.746150901
create_tracks: 0.0590736190000003
reconstruct: 1.6455228328704834
reconstruct: 1.9234802722930908
extract_metadata: 0.00044798851013183594
detect_features: 1.0433508219999998
match_features: 0.6390013980000004
create_tracks: 0.05821183499999982
reconstruct: 1.4212827682495117
extract_metadata: 0.0006279945373535156
detect_features: 1.1273349630000002
match_features: 0.7370741679999999
create_tracks: 0.05759688900000004
reconstruct: 1.3444180488586426
extract_metadata: 0.0006420612335205078
detect_features: 1.046162941
match_features: 0.7428692050000003
create_tracks: 0.05573183799999981
reconstruct: 1.8258256912231445
extract_metadata: 0.0006089210510253906
detect_features: 1.038550083
match_features: 0.7426673559999997
create_tracks: 0.05653083300000006
reconstruct: 1.3550078868865967
extract_metadata: 0.0005621910095214844
detect_features: 1.133751926
match_features: 0.7368958140000004
create_tracks: 0.05905569799999988
reconstruct: 1.845940113067627
extract_metadata: 0.0005869865417480469
detect_features: 1.0378811510000001
match_features: 0.7410302299999998
create_tracks: 0.05676732799999984
reconstruct: 0.9166061878204346
extract_metadata: 0.0006020069122314453
detect_features: 1.134268163
match_features: 0.6341999030000003
create_tracks: 0.058358345999999894
reconstruct: 1.3386130332946777
extract_metadata: 0.00046706199645996094
detect_features: 1.0275474009999999
match_features: 0.7537549160000001
create_tracks: 0.05760417500000026
reconstruct: 2.3782119750976562
extract_metadata: 0.0005741119384765625
detect_features: 1.038142804
match_features: 0.6441610789999999
create_tracks: 0.04679275599999988
reconstruct: 1.8964710235595703
extract_metadata: 0.0005700588226318359
detect_features: 1.0385187970000003
match_features: 0.6374141950000003
create_tracks: 0.056872804999999804
reconstruct: 0.8791220188140869
extract_metadata: 0.0005390644073486328
detect_features: 1.037598063
match_features: 0.632131872
create_tracks: 0.057001624000000195
reconstruct: 1.9232089519500732
extract_metadata: 0.0006279945373535156
detect_features: 1.040157813
match_features: 0.632487555
create_tracks: 0.05697495200000002
reconstruct: 0.9521489143371582
extract_metadata: 0.0005588531494140625
detect_features: 1.143095981
match_features: 0.742528783
create_tracks: 0.05772289200000014
reconstruct: 1.847775936126709
extract_metadata: 0.0006532669067382812
detect_features: 1.030165226
match_features: 0.6354920580000001
create_tracks: 0.058266918999999806
reconstruct: 1.39084792137146
extract_metadata: 0.0006127357482910156
detect_features: 0.8328497930000003
match_features: 0.6407058019999998
create_tracks: 0.06730633899999994
reconstruct: 1.39506196975708
extract_metadata: 0.0010869503021240234
detect_features: 0.8281080579999998
match_features: 0.7393978260000003
create_tracks: 0.07304545100000048
reconstruct: 1.495373010635376
extract_metadata: 0.0007002353668212891
detect_features: 0.8260806090000001
extract_metadata: 0.0007548332214355469
detect_features: 0.8285623439999998
match_features: 0.641982359
create_tracks: 0.06579222500000004
reconstruct: 1.3981728553771973
extract_metadata: 0.0007359981536865234
detect_features: 0.8346297280000001
match_features: 0.6321635990000001
create_tracks: 0.0548892900000002
reconstruct: 1.4777007102966309
